\BOOKMARK [0][-]{titulo.0}{P\341gina de T\355tulo}{}% 1
\BOOKMARK [0][-]{dedicatoria.0}{Dedicatoria}{}% 2
\BOOKMARK [0][-]{chapter*.1}{Agradecimientos}{}% 3
\BOOKMARK [0][-]{chapter*.2}{Resumen}{}% 4
\BOOKMARK [0][-]{indices.0}{\315ndices}{}% 5
\BOOKMARK [1][-]{tabla de contenidos.1}{Tabla de contenidos}{indices.0}% 6
\BOOKMARK [1][-]{indice de figuras.1}{\315ndice de figuras}{indices.0}% 7
\BOOKMARK [1][-]{indice de tablas.1}{\315ndice de tablas}{indices.0}% 8
\BOOKMARK [0][-]{chapter.1}{Introducci\363n}{}% 9
\BOOKMARK [1][-]{section.1.1}{Motivaci\363n}{chapter.1}% 10
\BOOKMARK [1][-]{section.1.2}{Objetivo}{chapter.1}% 11
\BOOKMARK [1][-]{section.1.3}{Estructura del documento}{chapter.1}% 12
\BOOKMARK [0][-]{chapter.2}{Estado del Arte}{}% 13
\BOOKMARK [1][-]{section.2.1}{La discapacidad auditiva}{chapter.2}% 14
\BOOKMARK [1][-]{section.2.2}{La Lengua de Signos}{chapter.2}% 15
\BOOKMARK [2][-]{subsection.2.2.1}{Fonolog\355a de la Lengua de Signos Espa\361ola \(LSE\)}{section.2.2}% 16
\BOOKMARK [2][-]{subsection.2.2.2}{Sintaxis de la Lengua de Signos Espa\361ola \(LSE\)}{section.2.2}% 17
\BOOKMARK [2][-]{subsection.2.2.3}{Morfolog\355a de la Lengua de Signos Espa\361ola \(LSE\)}{section.2.2}% 18
\BOOKMARK [2][-]{subsection.2.2.4}{Verbos de la Lengua de Signos Espa\361ola \(LSE\)}{section.2.2}% 19
\BOOKMARK [2][-]{subsection.2.2.5}{Aspectos de la Lengua de Signos Espa\361ola \(LSE\)}{section.2.2}% 20
\BOOKMARK [1][-]{section.2.3}{Sistemas Aumentativos y Alternativos de Comunicaci\363n \(SAAC\)}{chapter.2}% 21
\BOOKMARK [2][-]{subsection.2.3.1}{ARASAAC}{section.2.3}% 22
\BOOKMARK [2][-]{subsection.2.3.2}{APLICACIONES SAAC}{section.2.3}% 23
\BOOKMARK [1][-]{section.2.4}{Servicios Web}{chapter.2}% 24
\BOOKMARK [1][-]{section.2.5}{Procesamiento del Lenguaje Natural \(PLN\)}{chapter.2}% 25
\BOOKMARK [0][-]{fin.0}{Fin}{}% 26
